This is pdfTeX, Version 3.14159265-2.6-1.40.18 (MiKTeX 2.9.6500) (preloaded format=pdflatex 2018.1.3)  31 MAY 2018 11:16
entering extended mode
**./tfg.tex
(tfg.tex
LaTeX2e <2017-04-15>
Babel <3.15> and hyphenation patterns for 75 language(s) loaded.
("C:\Program Files (x86)\MiKTeX 2.9\tex\latex\base\book.cls"
Document Class: book 2014/09/29 v1.4h Standard LaTeX document class
("C:\Program Files (x86)\MiKTeX 2.9\tex\latex\base\bk12.clo"
File: bk12.clo 2014/09/29 v1.4h Standard LaTeX file (size option)
)
\c@part=\count79
\c@chapter=\count80
\c@section=\count81
\c@subsection=\count82
\c@subsubsection=\count83
\c@paragraph=\count84
\c@subparagraph=\count85
\c@figure=\count86
\c@table=\count87
\abovecaptionskip=\skip41
\belowcaptionskip=\skip42
\bibindent=\dimen102
)
("C:\Program Files (x86)\MiKTeX 2.9\tex\latex\base\inputenc.sty"
Package: inputenc 2015/03/17 v1.2c Input encoding file
\inpenc@prehook=\toks14
\inpenc@posthook=\toks15

("C:\Program Files (x86)\MiKTeX 2.9\tex\latex\base\latin1.def"
File: latin1.def 2015/03/17 v1.2c Input encoding file
))
("C:\Program Files (x86)\MiKTeX 2.9\tex\generic\babel\babel.sty"
Package: babel 2017/11/03 3.15 The Babel package

("C:\Program Files (x86)\MiKTeX 2.9\tex\generic\babel\switch.def"
File: switch.def 2017/11/03 3.15 Babel switching mechanism
)
*************************************
* Local config file bblopts.cfg used
*
(C:\Users\Inma\AppData\Roaming\MiKTeX\2.9\tex\latex\arabi\bblopts.cfg
File: bblopts.cfg 2005/09/08 v0.1 add Arabic and Farsi to "declared" options of
 babel
)
("C:\Program Files (x86)\MiKTeX 2.9\tex\latex\babel-spanish\spanish.ldf"
Language: spanish.ldf 2016/03/03 v5.0p Spanish support from the babel system

("C:\Program Files (x86)\MiKTeX 2.9\tex\generic\babel\babel.def"
File: babel.def 2017/11/03 3.15 Babel common definitions

("C:\Program Files (x86)\MiKTeX 2.9\tex\generic\babel\switch.def"
File: switch.def 2017/11/03 3.15 Babel switching mechanism
)
\babel@savecnt=\count88
\U@D=\dimen103
)
\es@quottoks=\toks16
\es@quotdepth=\count89
Package babel Info: Making " an active character on input line 561.
Package babel Info: Making . an active character on input line 662.
Package babel Info: Making < an active character on input line 707.
Package babel Info: Making > an active character on input line 707.
))
("C:\Program Files (x86)\MiKTeX 2.9\tex\latex\amsmath\amsmath.sty"
Package: amsmath 2017/09/02 v2.17a AMS math features
\@mathmargin=\skip43

For additional information on amsmath, use the `?' option.
("C:\Program Files (x86)\MiKTeX 2.9\tex\latex\amsmath\amstext.sty"
Package: amstext 2000/06/29 v2.01 AMS text

("C:\Program Files (x86)\MiKTeX 2.9\tex\latex\amsmath\amsgen.sty"
File: amsgen.sty 1999/11/30 v2.0 generic functions
\@emptytoks=\toks17
\ex@=\dimen104
))
("C:\Program Files (x86)\MiKTeX 2.9\tex\latex\amsmath\amsbsy.sty"
Package: amsbsy 1999/11/29 v1.2d Bold Symbols
\pmbraise@=\dimen105
)
("C:\Program Files (x86)\MiKTeX 2.9\tex\latex\amsmath\amsopn.sty"
Package: amsopn 2016/03/08 v2.02 operator names
)
\inf@bad=\count90
LaTeX Info: Redefining \frac on input line 213.
\uproot@=\count91
\leftroot@=\count92
LaTeX Info: Redefining \overline on input line 375.
\classnum@=\count93
\DOTSCASE@=\count94
LaTeX Info: Redefining \ldots on input line 472.
LaTeX Info: Redefining \dots on input line 475.
LaTeX Info: Redefining \cdots on input line 596.
\Mathstrutbox@=\box26
\strutbox@=\box27
\big@size=\dimen106
LaTeX Font Info:    Redeclaring font encoding OML on input line 712.
LaTeX Font Info:    Redeclaring font encoding OMS on input line 713.
\macc@depth=\count95
\c@MaxMatrixCols=\count96
\dotsspace@=\muskip10
\c@parentequation=\count97
\dspbrk@lvl=\count98
\tag@help=\toks18
\row@=\count99
\column@=\count100
\maxfields@=\count101
\andhelp@=\toks19
\eqnshift@=\dimen107
\alignsep@=\dimen108
\tagshift@=\dimen109
\tagwidth@=\dimen110
\totwidth@=\dimen111
\lineht@=\dimen112
\@envbody=\toks20
\multlinegap=\skip44
\multlinetaggap=\skip45
\mathdisplay@stack=\toks21
LaTeX Info: Redefining \[ on input line 2817.
LaTeX Info: Redefining \] on input line 2818.
)
("C:\Program Files (x86)\MiKTeX 2.9\tex\latex\amscls\amsthm.sty"
Package: amsthm 2015/03/04 v2.20.2
\thm@style=\toks22
\thm@bodyfont=\toks23
\thm@headfont=\toks24
\thm@notefont=\toks25
\thm@headpunct=\toks26
\thm@preskip=\skip46
\thm@postskip=\skip47
\thm@headsep=\skip48
\dth@everypar=\toks27
)
("C:\Program Files (x86)\MiKTeX 2.9\tex\latex\amsfonts\amsfonts.sty"
Package: amsfonts 2013/01/14 v3.01 Basic AMSFonts support
\symAMSa=\mathgroup4
\symAMSb=\mathgroup5
LaTeX Font Info:    Overwriting math alphabet `\mathfrak' in version `bold'
(Font)                  U/euf/m/n --> U/euf/b/n on input line 106.
)
("C:\Program Files (x86)\MiKTeX 2.9\tex\latex\amsfonts\amssymb.sty"
Package: amssymb 2013/01/14 v3.01 AMS font symbols
)
(C:\Users\Inma\AppData\Roaming\MiKTeX\2.9\tex\latex\setspace\setspace.sty
Package: setspace 2011/12/19 v6.7a set line spacing
)
("C:\Program Files (x86)\MiKTeX 2.9\tex\latex\graphics\graphicx.sty"
Package: graphicx 2017/06/01 v1.1a Enhanced LaTeX Graphics (DPC,SPQR)

("C:\Program Files (x86)\MiKTeX 2.9\tex\latex\graphics\keyval.sty"
Package: keyval 2014/10/28 v1.15 key=value parser (DPC)
\KV@toks@=\toks28
)
("C:\Program Files (x86)\MiKTeX 2.9\tex\latex\graphics\graphics.sty"
Package: graphics 2017/06/25 v1.2c Standard LaTeX Graphics (DPC,SPQR)

("C:\Program Files (x86)\MiKTeX 2.9\tex\latex\graphics\trig.sty"
Package: trig 2016/01/03 v1.10 sin cos tan (DPC)
)
("C:\Program Files (x86)\MiKTeX 2.9\tex\latex\graphics-cfg\graphics.cfg"
File: graphics.cfg 2016/06/04 v1.11 sample graphics configuration
)
Package graphics Info: Driver file: pdftex.def on input line 99.

("C:\Program Files (x86)\MiKTeX 2.9\tex\latex\graphics-def\pdftex.def"
File: pdftex.def 2017/06/24 v1.0g Graphics/color driver for pdftex
))
\Gin@req@height=\dimen113
\Gin@req@width=\dimen114
)
(C:\Users\Inma\AppData\Roaming\MiKTeX\2.9\tex\latex\ulem\ulem.sty
\UL@box=\box28
\UL@hyphenbox=\box29
\UL@skip=\skip49
\UL@hook=\toks29
\UL@height=\dimen115
\UL@pe=\count102
\UL@pixel=\dimen116
\ULC@box=\box30
Package: ulem 2012/05/18
\ULdepth=\dimen117
)
(C:\Users\Inma\AppData\Roaming\MiKTeX\2.9\tex\latex\fancyhdr\fancyhdr.sty
Package: fancyhdr 2017/06/30 v3.9a Extensive control of page headers and footer
s
\f@nch@headwidth=\skip50
\f@nch@O@elh=\skip51
\f@nch@O@erh=\skip52
\f@nch@O@olh=\skip53
\f@nch@O@orh=\skip54
\f@nch@O@elf=\skip55
\f@nch@O@erf=\skip56
\f@nch@O@olf=\skip57
\f@nch@O@orf=\skip58
)
(C:\Users\Inma\AppData\Roaming\MiKTeX\2.9\tex\latex\algorithms\algorithmic.sty
Package: algorithmic 2009/08/24 v0.1 Document Style `algorithmic'

("C:\Program Files (x86)\MiKTeX 2.9\tex\latex\base\ifthen.sty"
Package: ifthen 2014/09/29 v1.1c Standard LaTeX ifthen package (DPC)
)
\c@ALC@unique=\count103
\c@ALC@line=\count104
\c@ALC@rem=\count105
\c@ALC@depth=\count106
\ALC@tlm=\skip59
\algorithmicindent=\skip60
)
("C:\Program Files (x86)\MiKTeX 2.9\tex\latex\hyperref\hyperref.sty"
Package: hyperref 2017/03/14 v6.85a Hypertext links for LaTeX

("C:\Program Files (x86)\MiKTeX 2.9\tex\generic\oberdiek\hobsub-hyperref.sty"
Package: hobsub-hyperref 2016/05/16 v1.14 Bundle oberdiek, subset hyperref (HO)


("C:\Program Files (x86)\MiKTeX 2.9\tex\generic\oberdiek\hobsub-generic.sty"
Package: hobsub-generic 2016/05/16 v1.14 Bundle oberdiek, subset generic (HO)
Package: hobsub 2016/05/16 v1.14 Construct package bundles (HO)
Package: infwarerr 2016/05/16 v1.4 Providing info/warning/error messages (HO)
Package: ltxcmds 2016/05/16 v1.23 LaTeX kernel commands for general use (HO)
Package: ifluatex 2016/05/16 v1.4 Provides the ifluatex switch (HO)
Package ifluatex Info: LuaTeX not detected.
Package: ifvtex 2016/05/16 v1.6 Detect VTeX and its facilities (HO)
Package ifvtex Info: VTeX not detected.
Package: intcalc 2016/05/16 v1.2 Expandable calculations with integers (HO)
Package: ifpdf 2017/03/15 v3.2 Provides the ifpdf switch
Package: etexcmds 2016/05/16 v1.6 Avoid name clashes with e-TeX commands (HO)
Package etexcmds Info: Could not find \expanded.
(etexcmds)             That can mean that you are not using pdfTeX 1.50 or
(etexcmds)             that some package has redefined \expanded.
(etexcmds)             In the latter case, load this package earlier.
Package: kvsetkeys 2016/05/16 v1.17 Key value parser (HO)
Package: kvdefinekeys 2016/05/16 v1.4 Define keys (HO)
Package: pdftexcmds 2017/03/19 v0.25 Utility functions of pdfTeX for LuaTeX (HO
)
Package pdftexcmds Info: LuaTeX not detected.
Package pdftexcmds Info: \pdf@primitive is available.
Package pdftexcmds Info: \pdf@ifprimitive is available.
Package pdftexcmds Info: \pdfdraftmode found.
Package: pdfescape 2016/05/16 v1.14 Implements pdfTeX's escape features (HO)
Package: bigintcalc 2016/05/16 v1.4 Expandable calculations on big integers (HO
)
Package: bitset 2016/05/16 v1.2 Handle bit-vector datatype (HO)
Package: uniquecounter 2016/05/16 v1.3 Provide unlimited unique counter (HO)
)
Package hobsub Info: Skipping package `hobsub' (already loaded).
Package: letltxmacro 2016/05/16 v1.5 Let assignment for LaTeX macros (HO)
Package: hopatch 2016/05/16 v1.3 Wrapper for package hooks (HO)
Package: xcolor-patch 2016/05/16 xcolor patch
Package: atveryend 2016/05/16 v1.9 Hooks at the very end of document (HO)
Package atveryend Info: \enddocument detected (standard20110627).
Package: atbegshi 2016/06/09 v1.18 At begin shipout hook (HO)
Package: refcount 2016/05/16 v3.5 Data extraction from label references (HO)
Package: hycolor 2016/05/16 v1.8 Color options for hyperref/bookmark (HO)
)
("C:\Program Files (x86)\MiKTeX 2.9\tex\generic\ifxetex\ifxetex.sty"
Package: ifxetex 2010/09/12 v0.6 Provides ifxetex conditional
)
("C:\Program Files (x86)\MiKTeX 2.9\tex\latex\oberdiek\auxhook.sty"
Package: auxhook 2016/05/16 v1.4 Hooks for auxiliary files (HO)
)
("C:\Program Files (x86)\MiKTeX 2.9\tex\latex\oberdiek\kvoptions.sty"
Package: kvoptions 2016/05/16 v3.12 Key value format for package options (HO)
)
\@linkdim=\dimen118
\Hy@linkcounter=\count107
\Hy@pagecounter=\count108

("C:\Program Files (x86)\MiKTeX 2.9\tex\latex\hyperref\pd1enc.def"
File: pd1enc.def 2017/03/14 v6.85a Hyperref: PDFDocEncoding definition (HO)
)
\Hy@SavedSpaceFactor=\count109

("C:\Program Files (x86)\MiKTeX 2.9\tex\latex\00miktex\hyperref.cfg"
File: hyperref.cfg 2002/06/06 v1.2 hyperref configuration of TeXLive
)
Package hyperref Info: Hyper figures OFF on input line 4498.
Package hyperref Info: Link nesting OFF on input line 4503.
Package hyperref Info: Hyper index ON on input line 4506.
Package hyperref Info: Plain pages OFF on input line 4513.
Package hyperref Info: Backreferencing OFF on input line 4518.
Package hyperref Info: Implicit mode ON; LaTeX internals redefined.
Package hyperref Info: Bookmarks ON on input line 4751.
\c@Hy@tempcnt=\count110

(C:\Users\Inma\AppData\Roaming\MiKTeX\2.9\tex\latex\url\url.sty
\Urlmuskip=\muskip11
Package: url 2013/09/16  ver 3.4  Verb mode for urls, etc.
)
LaTeX Info: Redefining \url on input line 5104.
\XeTeXLinkMargin=\dimen119
\Fld@menulength=\count111
\Field@Width=\dimen120
\Fld@charsize=\dimen121
Package hyperref Info: Hyper figures OFF on input line 6358.
Package hyperref Info: Link nesting OFF on input line 6363.
Package hyperref Info: Hyper index ON on input line 6366.
Package hyperref Info: backreferencing OFF on input line 6373.
Package hyperref Info: Link coloring OFF on input line 6378.
Package hyperref Info: Link coloring with OCG OFF on input line 6383.
Package hyperref Info: PDF/A mode OFF on input line 6388.
LaTeX Info: Redefining \ref on input line 6428.
LaTeX Info: Redefining \pageref on input line 6432.
\Hy@abspage=\count112
\c@Item=\count113
\c@Hfootnote=\count114
)

Package hyperref Message: Driver (autodetected): hpdftex.

("C:\Program Files (x86)\MiKTeX 2.9\tex\latex\hyperref\hpdftex.def"
File: hpdftex.def 2017/03/14 v6.85a Hyperref driver for pdfTeX
\Fld@listcount=\count115
\c@bookmark@seq@number=\count116

("C:\Program Files (x86)\MiKTeX 2.9\tex\latex\oberdiek\rerunfilecheck.sty"
Package: rerunfilecheck 2016/05/16 v1.8 Rerun checks for auxiliary files (HO)
Package uniquecounter Info: New unique counter `rerunfilecheck' on input line 2
82.
)
\Hy@SectionHShift=\skip61
)
("C:\Program Files (x86)\MiKTeX 2.9\tex\latex\graphics\color.sty"
Package: color 2016/07/10 v1.1e Standard LaTeX Color (DPC)

("C:\Program Files (x86)\MiKTeX 2.9\tex\latex\graphics-cfg\color.cfg"
File: color.cfg 2016/01/02 v1.6 sample color configuration
)
Package color Info: Driver file: pdftex.def on input line 147.
)
("C:\Program Files (x86)\MiKTeX 2.9\tex\latex\tools\varioref.sty"
Package: varioref 2016/02/16 v1.5c package for extended references (FMi)
\c@vrcnt=\count117
)
(C:\Users\Inma\AppData\Roaming\MiKTeX\2.9\tex\latex\polynom\polynom.sty
Package: polynom 2017/07/17 0.19 (CH,HA)
\pld@currstage=\count118
)
("C:\Program Files (x86)\MiKTeX 2.9\tex\latex\eurosym\eurosym.sty"
Package: eurosym 1998/08/06 v1.1 European currency symbol ``Euro''
\@eurobox=\box31
)
("C:\Program Files (x86)\MiKTeX 2.9\tex\latex\tools\enumerate.sty"
Package: enumerate 2015/07/23 v3.00 enumerate extensions (DPC)
\@enLab=\toks30
)
(C:\Users\Inma\AppData\Roaming\MiKTeX\2.9\tex\latex\wrapfig\wrapfig.sty
\wrapoverhang=\dimen122
\WF@size=\dimen123
\c@WF@wrappedlines=\count119
\WF@box=\box32
\WF@everypar=\toks31
Package: wrapfig 2003/01/31  v 3.6
)
(C:\Users\Inma\AppData\Roaming\MiKTeX\2.9\tex\latex\cancel\cancel.sty
Package: cancel 2013/04/12 v2.2 Cancel math terms
)
(C:\Users\Inma\AppData\Roaming\MiKTeX\2.9\tex\latex\xcolor\xcolor.sty
Package: xcolor 2016/05/11 v2.12 LaTeX color extensions (UK)

("C:\Program Files (x86)\MiKTeX 2.9\tex\latex\graphics-cfg\color.cfg"
File: color.cfg 2016/01/02 v1.6 sample color configuration
)
Package xcolor Info: Driver file: pdftex.def on input line 225.
LaTeX Info: Redefining \color on input line 709.
Package xcolor Info: Model `cmy' substituted by `cmy0' on input line 1348.
Package xcolor Info: Model `hsb' substituted by `rgb' on input line 1352.
Package xcolor Info: Model `RGB' extended on input line 1364.
Package xcolor Info: Model `HTML' substituted by `rgb' on input line 1366.
Package xcolor Info: Model `Hsb' substituted by `hsb' on input line 1367.
Package xcolor Info: Model `tHsb' substituted by `hsb' on input line 1368.
Package xcolor Info: Model `HSB' substituted by `hsb' on input line 1369.
Package xcolor Info: Model `Gray' substituted by `gray' on input line 1370.
Package xcolor Info: Model `wave' substituted by `hsb' on input line 1371.

("C:\Program Files (x86)\MiKTeX 2.9\tex\latex\graphics\dvipsnam.def"
File: dvipsnam.def 2016/06/17 v3.0m Driver-dependent file (DPC,SPQR)
))
("C:\Program Files (x86)\MiKTeX 2.9\tex\latex\multirow\multirow.sty"
Package: multirow 2016/11/25 v2.2 Span multiple rows of a table
\multirow@colwidth=\skip62
\multirow@cntb=\count120
\multirow@dima=\skip63
\bigstrutjot=\dimen124
)
("C:\Program Files (x86)\MiKTeX 2.9\tex\latex\tools\array.sty"
Package: array 2016/10/06 v2.4d Tabular extension package (FMi)
\col@sep=\dimen125
\extrarowheight=\dimen126
\NC@list=\toks32
\extratabsurround=\skip64
\backup@length=\skip65
)
("C:\Program Files (x86)\MiKTeX 2.9\tex\latex\float\float.sty"
Package: float 2001/11/08 v1.3d Float enhancements (AL)
\c@float@type=\count121
\float@exts=\toks33
\float@box=\box33
\@float@everytoks=\toks34
\@floatcapt=\box34
)
("C:\Program Files (x86)\MiKTeX 2.9\tex\latex\geometry\geometry.sty"
Package: geometry 2010/09/12 v5.6 Page Geometry
\Gm@cnth=\count122
\Gm@cntv=\count123
\c@Gm@tempcnt=\count124
\Gm@bindingoffset=\dimen127
\Gm@wd@mp=\dimen128
\Gm@odd@mp=\dimen129
\Gm@even@mp=\dimen130
\Gm@layoutwidth=\dimen131
\Gm@layoutheight=\dimen132
\Gm@layouthoffset=\dimen133
\Gm@layoutvoffset=\dimen134
\Gm@dimlist=\toks35

("C:\Program Files (x86)\MiKTeX 2.9\tex\latex\geometry\geometry.cfg"))
(C:\Users\Inma\AppData\Roaming\MiKTeX\2.9\tex\latex\soul\soul.sty
Package: soul 2003/11/17 v2.4 letterspacing/underlining (mf)
\SOUL@word=\toks36
\SOUL@lasttoken=\toks37
\SOUL@cmds=\toks38
\SOUL@buffer=\toks39
\SOUL@token=\toks40
\SOUL@spaceskip=\skip66
\SOUL@ttwidth=\dimen135
\SOUL@uldp=\dimen136
\SOUL@ulht=\dimen137
)
(C:\Users\Inma\AppData\Roaming\MiKTeX\2.9\tex\latex\pdfpages\pdfpages.sty
Package: pdfpages 2017/10/31 v0.5l Insert pages of external PDF documents (AM)

("C:\Program Files (x86)\MiKTeX 2.9\tex\latex\tools\calc.sty"
Package: calc 2014/10/28 v4.3 Infix arithmetic (KKT,FJ)
\calc@Acount=\count125
\calc@Bcount=\count126
\calc@Adimen=\dimen138
\calc@Bdimen=\dimen139
\calc@Askip=\skip67
\calc@Bskip=\skip68
LaTeX Info: Redefining \setlength on input line 80.
LaTeX Info: Redefining \addtolength on input line 81.
\calc@Ccount=\count127
\calc@Cskip=\skip69
)
(C:\Users\Inma\AppData\Roaming\MiKTeX\2.9\tex\latex\eso-pic\eso-pic.sty
Package: eso-pic 2015/07/21 v2.0g eso-pic (RN)
)
\AM@pagewidth=\dimen140
\AM@pageheight=\dimen141

(C:\Users\Inma\AppData\Roaming\MiKTeX\2.9\tex\latex\pdfpages\pppdftex.def
File: pppdftex.def 2017/10/31 v0.5l Pdfpages driver for pdfTeX (AM)
)
\AM@pagebox=\box35
\AM@global@opts=\toks41
\AM@toc@title=\toks42
\c@AM@survey=\count128
\AM@templatesizebox=\box36
)
\c@teo=\count129
\c@prop=\count130
\c@defi=\count131
\c@eje=\count132
\c@nota=\count133

(tfg.aux
LaTeX Info: Redefining \. on input line 23.
LaTeX Info: Redefining \% on input line 23.
)
\openout1 = `tfg.aux'.

LaTeX Font Info:    Checking defaults for OML/cmm/m/it on input line 42.
LaTeX Font Info:    ... okay on input line 42.
LaTeX Font Info:    Checking defaults for T1/cmr/m/n on input line 42.
LaTeX Font Info:    ... okay on input line 42.
LaTeX Font Info:    Checking defaults for OT1/cmr/m/n on input line 42.
LaTeX Font Info:    ... okay on input line 42.
LaTeX Font Info:    Checking defaults for OMS/cmsy/m/n on input line 42.
LaTeX Font Info:    ... okay on input line 42.
LaTeX Font Info:    Checking defaults for OMX/cmex/m/n on input line 42.
LaTeX Font Info:    ... okay on input line 42.
LaTeX Font Info:    Checking defaults for U/cmr/m/n on input line 42.
LaTeX Font Info:    ... okay on input line 42.
LaTeX Font Info:    Checking defaults for PD1/pdf/m/n on input line 42.
LaTeX Font Info:    ... okay on input line 42.
LaTeX Info: Redefining \. on input line 42.
LaTeX Info: Redefining \% on input line 42.

(C:\Users\Inma\AppData\Roaming\MiKTeX\2.9\tex\context\base\supp-pdf.mkii
[Loading MPS to PDF converter (version 2006.09.02).]
\scratchcounter=\count134
\scratchdimen=\dimen142
\scratchbox=\box37
\nofMPsegments=\count135
\nofMParguments=\count136
\everyMPshowfont=\toks43
\MPscratchCnt=\count137
\MPscratchDim=\dimen143
\MPnumerator=\count138
\makeMPintoPDFobject=\count139
\everyMPtoPDFconversion=\toks44
) ("C:\Program Files (x86)\MiKTeX 2.9\tex\latex\oberdiek\epstopdf-base.sty"
Package: epstopdf-base 2016/05/15 v2.6 Base part for package epstopdf

("C:\Program Files (x86)\MiKTeX 2.9\tex\latex\oberdiek\grfext.sty"
Package: grfext 2016/05/16 v1.2 Manage graphics extensions (HO)
)
Package epstopdf-base Info: Redefining graphics rule for `.eps' on input line 4
38.
Package grfext Info: Graphics extension search list:
(grfext)             [.pdf,.png,.jpg,.mps,.jpeg,.jbig2,.jb2,.PDF,.PNG,.JPG,.JPE
G,.JBIG2,.JB2,.eps]
(grfext)             \AppendGraphicsExtensions on input line 456.
)
\AtBeginShipoutBox=\box38
Package hyperref Info: Link coloring OFF on input line 42.

("C:\Program Files (x86)\MiKTeX 2.9\tex\latex\hyperref\nameref.sty"
Package: nameref 2016/05/21 v2.44 Cross-referencing by name of section

("C:\Program Files (x86)\MiKTeX 2.9\tex\generic\oberdiek\gettitlestring.sty"
Package: gettitlestring 2016/05/16 v1.5 Cleanup title references (HO)
)
\c@section@level=\count140
LaTeX Info: Redefining \Ref on input line 515.
)
LaTeX Info: Redefining \ref on input line 42.
LaTeX Info: Redefining \pageref on input line 42.
LaTeX Info: Redefining \nameref on input line 42.

(tfg.out) (tfg.out)
\@outlinefile=\write3
\openout3 = `tfg.out'.

LaTeX Info: Redefining \Ref on input line 42.

*geometry* driver: auto-detecting
*geometry* detected driver: pdftex
*geometry* verbose mode - [ preamble ] result:
* driver: pdftex
* paper: a4paper
* layout: <same size as paper>
* layoutoffset:(h,v)=(0.0pt,0.0pt)
* modes: twoside 
* h-part:(L,W,R)=(56.9055pt, 483.69687pt, 56.9055pt)
* v-part:(T,H,B)=(56.9055pt, 731.23584pt, 56.9055pt)
* \paperwidth=597.50787pt
* \paperheight=845.04684pt
* \textwidth=483.69687pt
* \textheight=731.23584pt
* \oddsidemargin=-15.36449pt
* \evensidemargin=-15.36449pt
* \topmargin=-47.23828pt
* \headheight=12.0pt
* \headsep=19.8738pt
* \topskip=12.0pt
* \footskip=30.0pt
* \marginparwidth=88.0pt
* \marginparsep=7.0pt
* \columnsep=10.0pt
* \skip\footins=10.8pt plus 4.0pt minus 2.0pt
* \hoffset=0.0pt
* \voffset=0.0pt
* \mag=1000
* \@twocolumnfalse
* \@twosidetrue
* \@mparswitchtrue
* \@reversemarginfalse
* (1in=72.27pt=25.4mm, 1cm=28.453pt)

("C:\Program Files (x86)\MiKTeX 2.9\tex\latex\oberdiek\pdflscape.sty"
Package: pdflscape 2016/05/14 v0.11 Display of landscape pages in PDF (HO)

("C:\Program Files (x86)\MiKTeX 2.9\tex\latex\graphics\lscape.sty"
Package: lscape 2000/10/22 v3.01 Landscape Pages (DPC)
)
Package pdflscape Info: Auto-detected driver: pdftex on input line 81.
)

pdfTeX warning: pdflatex (file ./Portada_TFG_2018.pdf): PDF inclusion: found PD
F version <1.7>, but at most version <1.5> allowed
<Portada_TFG_2018.pdf, id=55, pagebox=cropbox, 597.55246pt x 845.19763pt>
File: Portada_TFG_2018.pdf Graphic file (type pdf)
<use Portada_TFG_2018.pdf>
Package pdftex.def Info: Portada_TFG_2018.pdf  used on input line 43. on input 
line 43.
Package pdftex.def Info: Requested size: 597.551pt x 845.19557pt on input line 
43.


pdfTeX warning: pdflatex (file ./Portada_TFG_2018.pdf): PDF inclusion: found PD
F version <1.7>, but at most version <1.5> allowed
File: Portada_TFG_2018.pdf Graphic file (type pdf)
<use Portada_TFG_2018.pdf>
Package pdftex.def Info: Portada_TFG_2018.pdf  used on input line 43. on input 
line 43.
Package pdftex.def Info: Requested size: 597.551pt x 845.19557pt on input line 
43.


pdfTeX warning: pdflatex (file ./Portada_TFG_2018.pdf): PDF inclusion: found PD
F version <1.7>, but at most version <1.5> allowed


pdfTeX warning: pdflatex (file ./Portada_TFG_2018.pdf): PDF inclusion: found PD
F version <1.7>, but at most version <1.5> allowed
<Portada_TFG_2018.pdf, id=58, page=1, pagebox=cropbox, 597.55246pt x 845.19763p
t>
File: Portada_TFG_2018.pdf Graphic file (type pdf)
<use Portada_TFG_2018.pdf, page 1>
Package pdftex.def Info: Portada_TFG_2018.pdf , page1 used on input line 43. on
 input line 43.
Package pdftex.def Info: Requested size: 597.551pt x 845.19557pt on input line 
43.
File: Portada_TFG_2018.pdf Graphic file (type pdf)
<use Portada_TFG_2018.pdf, page 1>
Package pdftex.def Info: Portada_TFG_2018.pdf , page1 used on input line 43. on
 input line 43.
Package pdftex.def Info: Requested size: 537.79224pt x 760.67085pt on input lin
e 43.
File: Portada_TFG_2018.pdf Graphic file (type pdf)
<use Portada_TFG_2018.pdf, page 1>
Package pdftex.def Info: Portada_TFG_2018.pdf , page1 used on input line 43. on
 input line 43.
Package pdftex.def Info: Requested size: 537.79224pt x 760.67085pt on input lin
e 43.
File: Portada_TFG_2018.pdf Graphic file (type pdf)
<use Portada_TFG_2018.pdf, page 1>
Package pdftex.def Info: Portada_TFG_2018.pdf , page1 used on input line 43. on
 input line 43.
Package pdftex.def Info: Requested size: 537.79224pt x 760.67085pt on input lin
e 43.
Package babel Info: Redefining spanish shorthand <<
(babel)             in language  on input line 43.
Package babel Info: Redefining spanish shorthand >>
(babel)             in language  on input line 43.
Package babel Info: Redefining spanish shorthand "=
(babel)             in language  on input line 43.
Package babel Info: Redefining spanish shorthand "~
(babel)             in language  on input line 43.
Package babel Info: Redefining spanish shorthand "!
(babel)             in language  on input line 43.
Package babel Info: Redefining spanish shorthand "?
(babel)             in language  on input line 43.
Package babel Info: Redefining spanish shorthand <<
(babel)             in language  on input line 43.
Package babel Info: Redefining spanish shorthand >>
(babel)             in language  on input line 43.
Package babel Info: Redefining spanish shorthand "=
(babel)             in language  on input line 43.
Package babel Info: Redefining spanish shorthand "~
(babel)             in language  on input line 43.
Package babel Info: Redefining spanish shorthand "!
(babel)             in language  on input line 43.
Package babel Info: Redefining spanish shorthand "?
(babel)             in language  on input line 43.
File: Portada_TFG_2018.pdf Graphic file (type pdf)
<use Portada_TFG_2018.pdf, page 1>
Package pdftex.def Info: Portada_TFG_2018.pdf , page1 used on input line 43. on
 input line 43.
Package pdftex.def Info: Requested size: 537.79224pt x 760.67085pt on input lin
e 43.
[1

{C:/Users/Inma/AppData/Local/MiKTeX/2.9/pdftex/config/pdftex.map} <./Portada_TF
G_2018.pdf>]
Package babel Info: Redefining spanish shorthand <<
(babel)             in language  on input line 48.
Package babel Info: Redefining spanish shorthand >>
(babel)             in language  on input line 48.
Package babel Info: Redefining spanish shorthand "=
(babel)             in language  on input line 48.
Package babel Info: Redefining spanish shorthand "~
(babel)             in language  on input line 48.
Package babel Info: Redefining spanish shorthand "!
(babel)             in language  on input line 48.
Package babel Info: Redefining spanish shorthand "?
(babel)             in language  on input line 48.
Package babel Info: Redefining spanish shorthand <<
(babel)             in language  on input line 48.
Package babel Info: Redefining spanish shorthand >>
(babel)             in language  on input line 48.
Package babel Info: Redefining spanish shorthand "=
(babel)             in language  on input line 48.
Package babel Info: Redefining spanish shorthand "~
(babel)             in language  on input line 48.
Package babel Info: Redefining spanish shorthand "!
(babel)             in language  on input line 48.
Package babel Info: Redefining spanish shorthand "?
(babel)             in language  on input line 48.
 [2

] (tfg.toc
LaTeX Info: Redefining \. on input line 1.
LaTeX Info: Redefining \% on input line 1.
LaTeX Font Info:    Try loading font information for U+msa on input line 3.

("C:\Program Files (x86)\MiKTeX 2.9\tex\latex\amsfonts\umsa.fd"
File: umsa.fd 2013/01/14 v3.01 AMS symbols A
)
LaTeX Font Info:    Try loading font information for U+msb on input line 3.

("C:\Program Files (x86)\MiKTeX 2.9\tex\latex\amsfonts\umsb.fd"
File: umsb.fd 2013/01/14 v3.01 AMS symbols B
))
\tf@toc=\write4
\openout4 = `tfg.toc'.

Package babel Info: Redefining spanish shorthand <<
(babel)             in language  on input line 49.
Package babel Info: Redefining spanish shorthand >>
(babel)             in language  on input line 49.
Package babel Info: Redefining spanish shorthand "=
(babel)             in language  on input line 49.
Package babel Info: Redefining spanish shorthand "~
(babel)             in language  on input line 49.
Package babel Info: Redefining spanish shorthand "!
(babel)             in language  on input line 49.
Package babel Info: Redefining spanish shorthand "?
(babel)             in language  on input line 49.
Package babel Info: Redefining spanish shorthand <<
(babel)             in language  on input line 49.
Package babel Info: Redefining spanish shorthand >>
(babel)             in language  on input line 49.
Package babel Info: Redefining spanish shorthand "=
(babel)             in language  on input line 49.
Package babel Info: Redefining spanish shorthand "~
(babel)             in language  on input line 49.
Package babel Info: Redefining spanish shorthand "!
(babel)             in language  on input line 49.
Package babel Info: Redefining spanish shorthand "?
(babel)             in language  on input line 49.
 [3]
Package babel Info: Redefining spanish shorthand <<
(babel)             in language  on input line 50.
Package babel Info: Redefining spanish shorthand >>
(babel)             in language  on input line 50.
Package babel Info: Redefining spanish shorthand "=
(babel)             in language  on input line 50.
Package babel Info: Redefining spanish shorthand "~
(babel)             in language  on input line 50.
Package babel Info: Redefining spanish shorthand "!
(babel)             in language  on input line 50.
Package babel Info: Redefining spanish shorthand "?
(babel)             in language  on input line 50.
Package babel Info: Redefining spanish shorthand <<
(babel)             in language  on input line 50.
Package babel Info: Redefining spanish shorthand >>
(babel)             in language  on input line 50.
Package babel Info: Redefining spanish shorthand "=
(babel)             in language  on input line 50.
Package babel Info: Redefining spanish shorthand "~
(babel)             in language  on input line 50.
Package babel Info: Redefining spanish shorthand "!
(babel)             in language  on input line 50.
Package babel Info: Redefining spanish shorthand "?
(babel)             in language  on input line 50.
 [4

]
Cap\'{\i }tulo 1.
Package babel Info: Redefining spanish shorthand <<
(babel)             in language  on input line 50.
Package babel Info: Redefining spanish shorthand >>
(babel)             in language  on input line 50.
Package babel Info: Redefining spanish shorthand "=
(babel)             in language  on input line 50.
Package babel Info: Redefining spanish shorthand "~
(babel)             in language  on input line 50.
Package babel Info: Redefining spanish shorthand "!
(babel)             in language  on input line 50.
Package babel Info: Redefining spanish shorthand "?
(babel)             in language  on input line 50.
Package babel Info: Redefining spanish shorthand <<
(babel)             in language  on input line 51.
Package babel Info: Redefining spanish shorthand >>
(babel)             in language  on input line 51.
Package babel Info: Redefining spanish shorthand "=
(babel)             in language  on input line 51.
Package babel Info: Redefining spanish shorthand "~
(babel)             in language  on input line 51.
Package babel Info: Redefining spanish shorthand "!
(babel)             in language  on input line 51.
Package babel Info: Redefining spanish shorthand "?
(babel)             in language  on input line 51.
Package babel Info: Redefining spanish shorthand <<
(babel)             in language  on input line 110.
Package babel Info: Redefining spanish shorthand >>
(babel)             in language  on input line 110.
Package babel Info: Redefining spanish shorthand "=
(babel)             in language  on input line 110.
Package babel Info: Redefining spanish shorthand "~
(babel)             in language  on input line 110.
Package babel Info: Redefining spanish shorthand "!
(babel)             in language  on input line 110.
Package babel Info: Redefining spanish shorthand "?
(babel)             in language  on input line 110.
Package babel Info: Redefining spanish shorthand <<
(babel)             in language  on input line 110.
Package babel Info: Redefining spanish shorthand >>
(babel)             in language  on input line 110.
Package babel Info: Redefining spanish shorthand "=
(babel)             in language  on input line 110.
Package babel Info: Redefining spanish shorthand "~
(babel)             in language  on input line 110.
Package babel Info: Redefining spanish shorthand "!
(babel)             in language  on input line 110.
Package babel Info: Redefining spanish shorthand "?
(babel)             in language  on input line 110.
[5]
Overfull \hbox (4.63423pt too wide) in paragraph at lines 128--129
[][]\OT1/cmr/m/it/12 Definicion \OT1/cmr/m/n/12 1.4\OT1/cmr/m/it/12 . []\OT1/c
mr/m/n/12 Sea X un con-jun-to ar-bi-tra-rio. Una co-lec-cion $\OMS/cmsy/m/n/12
 A$ \OT1/cmr/m/n/12 de sub-con-jun-tos de X $[]$
 []

Package babel Info: Redefining spanish shorthand <<
(babel)             in language  on input line 183.
Package babel Info: Redefining spanish shorthand >>
(babel)             in language  on input line 183.
Package babel Info: Redefining spanish shorthand "=
(babel)             in language  on input line 183.
Package babel Info: Redefining spanish shorthand "~
(babel)             in language  on input line 183.
Package babel Info: Redefining spanish shorthand "!
(babel)             in language  on input line 183.
Package babel Info: Redefining spanish shorthand "?
(babel)             in language  on input line 183.
Package babel Info: Redefining spanish shorthand <<
(babel)             in language  on input line 183.
Package babel Info: Redefining spanish shorthand >>
(babel)             in language  on input line 183.
Package babel Info: Redefining spanish shorthand "=
(babel)             in language  on input line 183.
Package babel Info: Redefining spanish shorthand "~
(babel)             in language  on input line 183.
Package babel Info: Redefining spanish shorthand "!
(babel)             in language  on input line 183.
Package babel Info: Redefining spanish shorthand "?
(babel)             in language  on input line 183.
[6]
Package babel Info: Redefining spanish shorthand <<
(babel)             in language  on input line 201.
Package babel Info: Redefining spanish shorthand >>
(babel)             in language  on input line 201.
Package babel Info: Redefining spanish shorthand "=
(babel)             in language  on input line 201.
Package babel Info: Redefining spanish shorthand "~
(babel)             in language  on input line 201.
Package babel Info: Redefining spanish shorthand "!
(babel)             in language  on input line 201.
Package babel Info: Redefining spanish shorthand "?
(babel)             in language  on input line 201.
Package babel Info: Redefining spanish shorthand <<
(babel)             in language  on input line 232.
Package babel Info: Redefining spanish shorthand >>
(babel)             in language  on input line 232.
Package babel Info: Redefining spanish shorthand "=
(babel)             in language  on input line 232.
Package babel Info: Redefining spanish shorthand "~
(babel)             in language  on input line 232.
Package babel Info: Redefining spanish shorthand "!
(babel)             in language  on input line 232.
Package babel Info: Redefining spanish shorthand "?
(babel)             in language  on input line 232.
Package babel Info: Redefining spanish shorthand <<
(babel)             in language  on input line 232.
Package babel Info: Redefining spanish shorthand >>
(babel)             in language  on input line 232.
Package babel Info: Redefining spanish shorthand "=
(babel)             in language  on input line 232.
Package babel Info: Redefining spanish shorthand "~
(babel)             in language  on input line 232.
Package babel Info: Redefining spanish shorthand "!
(babel)             in language  on input line 232.
Package babel Info: Redefining spanish shorthand "?
(babel)             in language  on input line 232.
 [7]
<cubrimiento.pdf, id=158, pagebox=cropbox, 402.75468pt x 231.86626pt>
File: cubrimiento.pdf Graphic file (type pdf)
<use cubrimiento.pdf>
Package pdftex.def Info: cubrimiento.pdf  used on input line 237. on input line
 237.
Package pdftex.def Info: Requested size: 281.92635pt x 162.30525pt on input lin
e 237.
Package babel Info: Redefining spanish shorthand <<
(babel)             in language  on input line 290.
Package babel Info: Redefining spanish shorthand >>
(babel)             in language  on input line 290.
Package babel Info: Redefining spanish shorthand "=
(babel)             in language  on input line 290.
Package babel Info: Redefining spanish shorthand "~
(babel)             in language  on input line 290.
Package babel Info: Redefining spanish shorthand "!
(babel)             in language  on input line 290.
Package babel Info: Redefining spanish shorthand "?
(babel)             in language  on input line 290.
Package babel Info: Redefining spanish shorthand <<
(babel)             in language  on input line 290.
Package babel Info: Redefining spanish shorthand >>
(babel)             in language  on input line 290.
Package babel Info: Redefining spanish shorthand "=
(babel)             in language  on input line 290.
Package babel Info: Redefining spanish shorthand "~
(babel)             in language  on input line 290.
Package babel Info: Redefining spanish shorthand "!
(babel)             in language  on input line 290.
Package babel Info: Redefining spanish shorthand "?
(babel)             in language  on input line 290.
 [8pdfTeX warning (ext4): destination with the same identifier (name{figure.1.1
}) has been already used, duplicate ignored

\AtBegShi@Output ...ipout \box \AtBeginShipoutBox 
                                                  \fi \fi 
l.290 
       <./cubrimiento.pdf>]
Package babel Info: Redefining spanish shorthand <<
(babel)             in language  on input line 352.
Package babel Info: Redefining spanish shorthand >>
(babel)             in language  on input line 352.
Package babel Info: Redefining spanish shorthand "=
(babel)             in language  on input line 352.
Package babel Info: Redefining spanish shorthand "~
(babel)             in language  on input line 352.
Package babel Info: Redefining spanish shorthand "!
(babel)             in language  on input line 352.
Package babel Info: Redefining spanish shorthand "?
(babel)             in language  on input line 352.
Package babel Info: Redefining spanish shorthand <<
(babel)             in language  on input line 352.
Package babel Info: Redefining spanish shorthand >>
(babel)             in language  on input line 352.
Package babel Info: Redefining spanish shorthand "=
(babel)             in language  on input line 352.
Package babel Info: Redefining spanish shorthand "~
(babel)             in language  on input line 352.
Package babel Info: Redefining spanish shorthand "!
(babel)             in language  on input line 352.
Package babel Info: Redefining spanish shorthand "?
(babel)             in language  on input line 352.
 [9]
Overfull \hbox (6.90848pt too wide) in paragraph at lines 359--360
\OT1/cmr/m/n/12 Entonces ten-dre-mos que $\OML/cmm/m/it/12 diam [] \OT1/cmr/m/n
/12 = [] \OML/cmm/m/it/12 < []$ \OT1/cmr/m/n/12 y $\OML/cmm/m/it/12 H[] [] \OM
S/cmsy/m/n/12  \OML/cmm/m/it/12 [] [] diam [][] \OT1/cmr/m/n/12 = \OML/cmm/m/
it/12 []m[][] \OT1/cmr/m/n/12 =$ 
 []

Package babel Info: Redefining spanish shorthand <<
(babel)             in language  on input line 381.
Package babel Info: Redefining spanish shorthand >>
(babel)             in language  on input line 381.
Package babel Info: Redefining spanish shorthand "=
(babel)             in language  on input line 381.
Package babel Info: Redefining spanish shorthand "~
(babel)             in language  on input line 381.
Package babel Info: Redefining spanish shorthand "!
(babel)             in language  on input line 381.
Package babel Info: Redefining spanish shorthand "?
(babel)             in language  on input line 381.
Package babel Info: Redefining spanish shorthand <<
(babel)             in language  on input line 381.
Package babel Info: Redefining spanish shorthand >>
(babel)             in language  on input line 381.
Package babel Info: Redefining spanish shorthand "=
(babel)             in language  on input line 381.
Package babel Info: Redefining spanish shorthand "~
(babel)             in language  on input line 381.
Package babel Info: Redefining spanish shorthand "!
(babel)             in language  on input line 381.
Package babel Info: Redefining spanish shorthand "?
(babel)             in language  on input line 381.
[10]
Cap\'{\i }tulo 2.
Package babel Info: Redefining spanish shorthand <<
(babel)             in language  on input line 381.
Package babel Info: Redefining spanish shorthand >>
(babel)             in language  on input line 381.
Package babel Info: Redefining spanish shorthand "=
(babel)             in language  on input line 381.
Package babel Info: Redefining spanish shorthand "~
(babel)             in language  on input line 381.
Package babel Info: Redefining spanish shorthand "!
(babel)             in language  on input line 381.
Package babel Info: Redefining spanish shorthand "?
(babel)             in language  on input line 381.
Package babel Info: Redefining spanish shorthand <<
(babel)             in language  on input line 394.
Package babel Info: Redefining spanish shorthand >>
(babel)             in language  on input line 394.
Package babel Info: Redefining spanish shorthand "=
(babel)             in language  on input line 394.
Package babel Info: Redefining spanish shorthand "~
(babel)             in language  on input line 394.
Package babel Info: Redefining spanish shorthand "!
(babel)             in language  on input line 394.
Package babel Info: Redefining spanish shorthand "?
(babel)             in language  on input line 394.
Package babel Info: Redefining spanish shorthand <<
(babel)             in language  on input line 433.
Package babel Info: Redefining spanish shorthand >>
(babel)             in language  on input line 433.
Package babel Info: Redefining spanish shorthand "=
(babel)             in language  on input line 433.
Package babel Info: Redefining spanish shorthand "~
(babel)             in language  on input line 433.
Package babel Info: Redefining spanish shorthand "!
(babel)             in language  on input line 433.
Package babel Info: Redefining spanish shorthand "?
(babel)             in language  on input line 433.
Package babel Info: Redefining spanish shorthand <<
(babel)             in language  on input line 433.
Package babel Info: Redefining spanish shorthand >>
(babel)             in language  on input line 433.
Package babel Info: Redefining spanish shorthand "=
(babel)             in language  on input line 433.
Package babel Info: Redefining spanish shorthand "~
(babel)             in language  on input line 433.
Package babel Info: Redefining spanish shorthand "!
(babel)             in language  on input line 433.
Package babel Info: Redefining spanish shorthand "?
(babel)             in language  on input line 433.
[11

]
Overfull \hbox (40.2979pt too wide) in paragraph at lines 460--461
[]\OT1/cmr/m/it/12 Sean $\OML/cmm/m/it/12 f; g \OT1/cmr/m/n/12 : \U/msb/m/n/12 
R[] [][]\OMS/cmsy/m/n/12 ! \U/msb/m/n/12 R[]$ \OT1/cmr/m/it/12 fun-cio-nes lo-c
al-men-te Lips-chitz con-ti-nuas, y $\OML/cmm/m/it/12 Y \OT1/cmr/m/n/12 := []$\
OT1/cmr/m/it/12 .
 []


Underfull \hbox (badness 10000) in paragraph at lines 491--492

 []

Package babel Info: Redefining spanish shorthand <<
(babel)             in language  on input line 507.
Package babel Info: Redefining spanish shorthand >>
(babel)             in language  on input line 507.
Package babel Info: Redefining spanish shorthand "=
(babel)             in language  on input line 507.
Package babel Info: Redefining spanish shorthand "~
(babel)             in language  on input line 507.
Package babel Info: Redefining spanish shorthand "!
(babel)             in language  on input line 507.
Package babel Info: Redefining spanish shorthand "?
(babel)             in language  on input line 507.
Package babel Info: Redefining spanish shorthand <<
(babel)             in language  on input line 507.
Package babel Info: Redefining spanish shorthand >>
(babel)             in language  on input line 507.
Package babel Info: Redefining spanish shorthand "=
(babel)             in language  on input line 507.
Package babel Info: Redefining spanish shorthand "~
(babel)             in language  on input line 507.
Package babel Info: Redefining spanish shorthand "!
(babel)             in language  on input line 507.
Package babel Info: Redefining spanish shorthand "?
(babel)             in language  on input line 507.
[12]
Underfull \hbox (badness 10000) in paragraph at lines 524--525

 []

Package babel Info: Redefining spanish shorthand <<
(babel)             in language  on input line 590.
Package babel Info: Redefining spanish shorthand >>
(babel)             in language  on input line 590.
Package babel Info: Redefining spanish shorthand "=
(babel)             in language  on input line 590.
Package babel Info: Redefining spanish shorthand "~
(babel)             in language  on input line 590.
Package babel Info: Redefining spanish shorthand "!
(babel)             in language  on input line 590.
Package babel Info: Redefining spanish shorthand "?
(babel)             in language  on input line 590.
Package babel Info: Redefining spanish shorthand <<
(babel)             in language  on input line 590.
Package babel Info: Redefining spanish shorthand >>
(babel)             in language  on input line 590.
Package babel Info: Redefining spanish shorthand "=
(babel)             in language  on input line 590.
Package babel Info: Redefining spanish shorthand "~
(babel)             in language  on input line 590.
Package babel Info: Redefining spanish shorthand "!
(babel)             in language  on input line 590.
Package babel Info: Redefining spanish shorthand "?
(babel)             in language  on input line 590.
[13]
Package babel Info: Redefining spanish shorthand <<
(babel)             in language  on input line 684.
Package babel Info: Redefining spanish shorthand >>
(babel)             in language  on input line 684.
Package babel Info: Redefining spanish shorthand "=
(babel)             in language  on input line 684.
Package babel Info: Redefining spanish shorthand "~
(babel)             in language  on input line 684.
Package babel Info: Redefining spanish shorthand "!
(babel)             in language  on input line 684.
Package babel Info: Redefining spanish shorthand "?
(babel)             in language  on input line 684.
Package babel Info: Redefining spanish shorthand <<
(babel)             in language  on input line 684.
Package babel Info: Redefining spanish shorthand >>
(babel)             in language  on input line 684.
Package babel Info: Redefining spanish shorthand "=
(babel)             in language  on input line 684.
Package babel Info: Redefining spanish shorthand "~
(babel)             in language  on input line 684.
Package babel Info: Redefining spanish shorthand "!
(babel)             in language  on input line 684.
Package babel Info: Redefining spanish shorthand "?
(babel)             in language  on input line 684.
 [14]
Package babel Info: Redefining spanish shorthand <<
(babel)             in language  on input line 695.
Package babel Info: Redefining spanish shorthand >>
(babel)             in language  on input line 695.
Package babel Info: Redefining spanish shorthand "=
(babel)             in language  on input line 695.
Package babel Info: Redefining spanish shorthand "~
(babel)             in language  on input line 695.
Package babel Info: Redefining spanish shorthand "!
(babel)             in language  on input line 695.
Package babel Info: Redefining spanish shorthand "?
(babel)             in language  on input line 695.
Package babel Info: Redefining spanish shorthand <<
(babel)             in language  on input line 758.
Package babel Info: Redefining spanish shorthand >>
(babel)             in language  on input line 758.
Package babel Info: Redefining spanish shorthand "=
(babel)             in language  on input line 758.
Package babel Info: Redefining spanish shorthand "~
(babel)             in language  on input line 758.
Package babel Info: Redefining spanish shorthand "!
(babel)             in language  on input line 758.
Package babel Info: Redefining spanish shorthand "?
(babel)             in language  on input line 758.
Package babel Info: Redefining spanish shorthand <<
(babel)             in language  on input line 758.
Package babel Info: Redefining spanish shorthand >>
(babel)             in language  on input line 758.
Package babel Info: Redefining spanish shorthand "=
(babel)             in language  on input line 758.
Package babel Info: Redefining spanish shorthand "~
(babel)             in language  on input line 758.
Package babel Info: Redefining spanish shorthand "!
(babel)             in language  on input line 758.
Package babel Info: Redefining spanish shorthand "?
(babel)             in language  on input line 758.
 [15]
Package babel Info: Redefining spanish shorthand <<
(babel)             in language  on input line 770.
Package babel Info: Redefining spanish shorthand >>
(babel)             in language  on input line 770.
Package babel Info: Redefining spanish shorthand "=
(babel)             in language  on input line 770.
Package babel Info: Redefining spanish shorthand "~
(babel)             in language  on input line 770.
Package babel Info: Redefining spanish shorthand "!
(babel)             in language  on input line 770.
Package babel Info: Redefining spanish shorthand "?
(babel)             in language  on input line 770.
Package babel Info: Redefining spanish shorthand <<
(babel)             in language  on input line 771.
Package babel Info: Redefining spanish shorthand >>
(babel)             in language  on input line 771.
Package babel Info: Redefining spanish shorthand "=
(babel)             in language  on input line 771.
Package babel Info: Redefining spanish shorthand "~
(babel)             in language  on input line 771.
Package babel Info: Redefining spanish shorthand "!
(babel)             in language  on input line 771.
Package babel Info: Redefining spanish shorthand "?
(babel)             in language  on input line 771.
<curva.pdf, id=264, pagebox=cropbox, 469.00218pt x 205.5178pt>
File: curva.pdf Graphic file (type pdf)
<use curva.pdf>
Package pdftex.def Info: curva.pdf  used on input line 805. on input line 805.
Package pdftex.def Info: Requested size: 469.00104pt x 205.5173pt on input line
 805.
Package babel Info: Redefining spanish shorthand <<
(babel)             in language  on input line 808.
Package babel Info: Redefining spanish shorthand >>
(babel)             in language  on input line 808.
Package babel Info: Redefining spanish shorthand "=
(babel)             in language  on input line 808.
Package babel Info: Redefining spanish shorthand "~
(babel)             in language  on input line 808.
Package babel Info: Redefining spanish shorthand "!
(babel)             in language  on input line 808.
Package babel Info: Redefining spanish shorthand "?
(babel)             in language  on input line 808.
Package babel Info: Redefining spanish shorthand <<
(babel)             in language  on input line 808.
Package babel Info: Redefining spanish shorthand >>
(babel)             in language  on input line 808.
Package babel Info: Redefining spanish shorthand "=
(babel)             in language  on input line 808.
Package babel Info: Redefining spanish shorthand "~
(babel)             in language  on input line 808.
Package babel Info: Redefining spanish shorthand "!
(babel)             in language  on input line 808.
Package babel Info: Redefining spanish shorthand "?
(babel)             in language  on input line 808.
 [16]
Package babel Info: Redefining spanish shorthand <<
(babel)             in language  on input line 811.
Package babel Info: Redefining spanish shorthand >>
(babel)             in language  on input line 811.
Package babel Info: Redefining spanish shorthand "=
(babel)             in language  on input line 811.
Package babel Info: Redefining spanish shorthand "~
(babel)             in language  on input line 811.
Package babel Info: Redefining spanish shorthand "!
(babel)             in language  on input line 811.
Package babel Info: Redefining spanish shorthand "?
(babel)             in language  on input line 811.


Package hyperref Warning: Token not allowed in a PDF string (PDFDocEncoding):
(hyperref)                removing `math shift' on input line 811.


Package hyperref Warning: Token not allowed in a PDF string (PDFDocEncoding):
(hyperref)                removing `\geq' on input line 811.


Package hyperref Warning: Token not allowed in a PDF string (PDFDocEncoding):
(hyperref)                removing `math shift' on input line 811.


Package hyperref Warning: Token not allowed in a PDF string (PDFDocEncoding):
(hyperref)                removing `math shift' on input line 811.


Package hyperref Warning: Token not allowed in a PDF string (PDFDocEncoding):
(hyperref)                removing `math shift' on input line 811.

Package babel Info: Redefining spanish shorthand <<
(babel)             in language  on input line 854.
Package babel Info: Redefining spanish shorthand >>
(babel)             in language  on input line 854.
Package babel Info: Redefining spanish shorthand "=
(babel)             in language  on input line 854.
Package babel Info: Redefining spanish shorthand "~
(babel)             in language  on input line 854.
Package babel Info: Redefining spanish shorthand "!
(babel)             in language  on input line 854.
Package babel Info: Redefining spanish shorthand "?
(babel)             in language  on input line 854.
Package babel Info: Redefining spanish shorthand <<
(babel)             in language  on input line 854.
Package babel Info: Redefining spanish shorthand >>
(babel)             in language  on input line 854.
Package babel Info: Redefining spanish shorthand "=
(babel)             in language  on input line 854.
Package babel Info: Redefining spanish shorthand "~
(babel)             in language  on input line 854.
Package babel Info: Redefining spanish shorthand "!
(babel)             in language  on input line 854.
Package babel Info: Redefining spanish shorthand "?
(babel)             in language  on input line 854.
[17pdfTeX warning (ext4): destination with the same identifier (name{figure.2.1
}) has been already used, duplicate ignored

\AtBegShi@Output ...ipout \box \AtBeginShipoutBox 
                                                  \fi \fi 
l.854 
       <./curva.pdf>]
Package babel Info: Redefining spanish shorthand <<
(babel)             in language  on input line 860.
Package babel Info: Redefining spanish shorthand >>
(babel)             in language  on input line 860.
Package babel Info: Redefining spanish shorthand "=
(babel)             in language  on input line 860.
Package babel Info: Redefining spanish shorthand "~
(babel)             in language  on input line 860.
Package babel Info: Redefining spanish shorthand "!
(babel)             in language  on input line 860.
Package babel Info: Redefining spanish shorthand "?
(babel)             in language  on input line 860.


Package hyperref Warning: Token not allowed in a PDF string (PDFDocEncoding):
(hyperref)                removing `math shift' on input line 860.


Package hyperref Warning: Token not allowed in a PDF string (PDFDocEncoding):
(hyperref)                removing `\geq' on input line 860.


Package hyperref Warning: Token not allowed in a PDF string (PDFDocEncoding):
(hyperref)                removing `math shift' on input line 860.


Package hyperref Warning: Token not allowed in a PDF string (PDFDocEncoding):
(hyperref)                removing `math shift' on input line 860.


Package hyperref Warning: Token not allowed in a PDF string (PDFDocEncoding):
(hyperref)                removing `math shift' on input line 860.

Package babel Info: Redefining spanish shorthand <<
(babel)             in language  on input line 912.
Package babel Info: Redefining spanish shorthand >>
(babel)             in language  on input line 912.
Package babel Info: Redefining spanish shorthand "=
(babel)             in language  on input line 912.
Package babel Info: Redefining spanish shorthand "~
(babel)             in language  on input line 912.
Package babel Info: Redefining spanish shorthand "!
(babel)             in language  on input line 912.
Package babel Info: Redefining spanish shorthand "?
(babel)             in language  on input line 912.
Package babel Info: Redefining spanish shorthand <<
(babel)             in language  on input line 912.
Package babel Info: Redefining spanish shorthand >>
(babel)             in language  on input line 912.
Package babel Info: Redefining spanish shorthand "=
(babel)             in language  on input line 912.
Package babel Info: Redefining spanish shorthand "~
(babel)             in language  on input line 912.
Package babel Info: Redefining spanish shorthand "!
(babel)             in language  on input line 912.
Package babel Info: Redefining spanish shorthand "?
(babel)             in language  on input line 912.
[18]
Overfull \hbox (34.96751pt too wide) detected at line 960
\OML/cmm/m/it/12 Jf \OT1/cmr/m/n/12 = \OML/cmm/m/it/12 det\OT1/cmr/m/n/12 (\OML
/cmm/m/it/12 Df[] \OMS/cmsy/m/n/12  \OML/cmm/m/it/12 Df\OT1/cmr/m/n/12 ) = \OM
L/cmm/m/it/12 det [] \OT1/cmr/m/n/12 = \OML/cmm/m/it/12 det []
 []

Package babel Info: Redefining spanish shorthand <<
(babel)             in language  on input line 988.
Package babel Info: Redefining spanish shorthand >>
(babel)             in language  on input line 988.
Package babel Info: Redefining spanish shorthand "=
(babel)             in language  on input line 988.
Package babel Info: Redefining spanish shorthand "~
(babel)             in language  on input line 988.
Package babel Info: Redefining spanish shorthand "!
(babel)             in language  on input line 988.
Package babel Info: Redefining spanish shorthand "?
(babel)             in language  on input line 988.
Package babel Info: Redefining spanish shorthand <<
(babel)             in language  on input line 1004.
Package babel Info: Redefining spanish shorthand >>
(babel)             in language  on input line 1004.
Package babel Info: Redefining spanish shorthand "=
(babel)             in language  on input line 1004.
Package babel Info: Redefining spanish shorthand "~
(babel)             in language  on input line 1004.
Package babel Info: Redefining spanish shorthand "!
(babel)             in language  on input line 1004.
Package babel Info: Redefining spanish shorthand "?
(babel)             in language  on input line 1004.
Package babel Info: Redefining spanish shorthand <<
(babel)             in language  on input line 1004.
Package babel Info: Redefining spanish shorthand >>
(babel)             in language  on input line 1004.
Package babel Info: Redefining spanish shorthand "=
(babel)             in language  on input line 1004.
Package babel Info: Redefining spanish shorthand "~
(babel)             in language  on input line 1004.
Package babel Info: Redefining spanish shorthand "!
(babel)             in language  on input line 1004.
Package babel Info: Redefining spanish shorthand "?
(babel)             in language  on input line 1004.
[19]
Package babel Info: Redefining spanish shorthand <<
(babel)             in language  on input line 1022.
Package babel Info: Redefining spanish shorthand >>
(babel)             in language  on input line 1022.
Package babel Info: Redefining spanish shorthand "=
(babel)             in language  on input line 1022.
Package babel Info: Redefining spanish shorthand "~
(babel)             in language  on input line 1022.
Package babel Info: Redefining spanish shorthand "!
(babel)             in language  on input line 1022.
Package babel Info: Redefining spanish shorthand "?
(babel)             in language  on input line 1022.
Package babel Info: Redefining spanish shorthand <<
(babel)             in language  on input line 1037.
Package babel Info: Redefining spanish shorthand >>
(babel)             in language  on input line 1037.
Package babel Info: Redefining spanish shorthand "=
(babel)             in language  on input line 1037.
Package babel Info: Redefining spanish shorthand "~
(babel)             in language  on input line 1037.
Package babel Info: Redefining spanish shorthand "!
(babel)             in language  on input line 1037.
Package babel Info: Redefining spanish shorthand "?
(babel)             in language  on input line 1037.
Package babel Info: Redefining spanish shorthand <<
(babel)             in language  on input line 1037.
Package babel Info: Redefining spanish shorthand >>
(babel)             in language  on input line 1037.
Package babel Info: Redefining spanish shorthand "=
(babel)             in language  on input line 1037.
Package babel Info: Redefining spanish shorthand "~
(babel)             in language  on input line 1037.
Package babel Info: Redefining spanish shorthand "!
(babel)             in language  on input line 1037.
Package babel Info: Redefining spanish shorthand "?
(babel)             in language  on input line 1037.
 [20]
Cap\'{\i }tulo 3.
Package babel Info: Redefining spanish shorthand <<
(babel)             in language  on input line 1037.
Package babel Info: Redefining spanish shorthand >>
(babel)             in language  on input line 1037.
Package babel Info: Redefining spanish shorthand "=
(babel)             in language  on input line 1037.
Package babel Info: Redefining spanish shorthand "~
(babel)             in language  on input line 1037.
Package babel Info: Redefining spanish shorthand "!
(babel)             in language  on input line 1037.
Package babel Info: Redefining spanish shorthand "?
(babel)             in language  on input line 1037.
Package babel Info: Redefining spanish shorthand <<
(babel)             in language  on input line 1064.
Package babel Info: Redefining spanish shorthand >>
(babel)             in language  on input line 1064.
Package babel Info: Redefining spanish shorthand "=
(babel)             in language  on input line 1064.
Package babel Info: Redefining spanish shorthand "~
(babel)             in language  on input line 1064.
Package babel Info: Redefining spanish shorthand "!
(babel)             in language  on input line 1064.
Package babel Info: Redefining spanish shorthand "?
(babel)             in language  on input line 1064.
Package babel Info: Redefining spanish shorthand <<
(babel)             in language  on input line 1064.
Package babel Info: Redefining spanish shorthand >>
(babel)             in language  on input line 1064.
Package babel Info: Redefining spanish shorthand "=
(babel)             in language  on input line 1064.
Package babel Info: Redefining spanish shorthand "~
(babel)             in language  on input line 1064.
Package babel Info: Redefining spanish shorthand "!
(babel)             in language  on input line 1064.
Package babel Info: Redefining spanish shorthand "?
(babel)             in language  on input line 1064.
[21

]
Package babel Info: Redefining spanish shorthand <<
(babel)             in language  on input line 1064.
Package babel Info: Redefining spanish shorthand >>
(babel)             in language  on input line 1064.
Package babel Info: Redefining spanish shorthand "=
(babel)             in language  on input line 1064.
Package babel Info: Redefining spanish shorthand "~
(babel)             in language  on input line 1064.
Package babel Info: Redefining spanish shorthand "!
(babel)             in language  on input line 1064.
Package babel Info: Redefining spanish shorthand "?
(babel)             in language  on input line 1064.
Package babel Info: Redefining spanish shorthand <<
(babel)             in language  on input line 1064.
Package babel Info: Redefining spanish shorthand >>
(babel)             in language  on input line 1064.
Package babel Info: Redefining spanish shorthand "=
(babel)             in language  on input line 1064.
Package babel Info: Redefining spanish shorthand "~
(babel)             in language  on input line 1064.
Package babel Info: Redefining spanish shorthand "!
(babel)             in language  on input line 1064.
Package babel Info: Redefining spanish shorthand "?
(babel)             in language  on input line 1064.
 [22

]
Package atveryend Info: Empty hook `BeforeClearDocument' on input line 1071.
Package babel Info: Redefining spanish shorthand <<
(babel)             in language  on input line 1071.
Package babel Info: Redefining spanish shorthand >>
(babel)             in language  on input line 1071.
Package babel Info: Redefining spanish shorthand "=
(babel)             in language  on input line 1071.
Package babel Info: Redefining spanish shorthand "~
(babel)             in language  on input line 1071.
Package babel Info: Redefining spanish shorthand "!
(babel)             in language  on input line 1071.
Package babel Info: Redefining spanish shorthand "?
(babel)             in language  on input line 1071.
Package babel Info: Redefining spanish shorthand <<
(babel)             in language  on input line 1071.
Package babel Info: Redefining spanish shorthand >>
(babel)             in language  on input line 1071.
Package babel Info: Redefining spanish shorthand "=
(babel)             in language  on input line 1071.
Package babel Info: Redefining spanish shorthand "~
(babel)             in language  on input line 1071.
Package babel Info: Redefining spanish shorthand "!
(babel)             in language  on input line 1071.
Package babel Info: Redefining spanish shorthand "?
(babel)             in language  on input line 1071.
 [23]
Package atveryend Info: Empty hook `AfterLastShipout' on input line 1071.
 (tfg.aux
LaTeX Info: Redefining \. on input line 23.
LaTeX Info: Redefining \% on input line 23.
)
Package atveryend Info: Executing hook `AtVeryEndDocument' on input line 1071.
Package atveryend Info: Executing hook `AtEndAfterFileList' on input line 1071.

Package rerunfilecheck Info: File `tfg.out' has not changed.
(rerunfilecheck)             Checksum: 014AAE2C3CD803BB620C1FDCE4BE6D4B;935.


LaTeX Warning: Label(s) may have changed. Rerun to get cross-references right.

Package atveryend Info: Empty hook `AtVeryVeryEnd' on input line 1071.
 ) 
Here is how much of TeX's memory you used:
 10122 strings out of 493312
 142845 string characters out of 3136311
 269525 words of memory out of 3000000
 13365 multiletter control sequences out of 15000+200000
 15292 words of font info for 59 fonts, out of 3000000 for 9000
 1141 hyphenation exceptions out of 8191
 38i,19n,46p,721b,544s stack positions out of 5000i,500n,10000p,200000b,50000s
<C:/Program Files (x86)/MiKTeX 2.9/fonts/type1/public/amsfonts/cm/cmbx12.pfb>
<C:/Program Files (x86)/MiKTeX 2.9/fonts/type1/public/amsfonts/cm/cmcsc10.pfb><
C:/Program Files (x86)/MiKTeX 2.9/fonts/type1/public/amsfonts/cm/cmex10.pfb><C:
/Program Files (x86)/MiKTeX 2.9/fonts/type1/public/amsfonts/cm/cmmi10.pfb><C:/P
rogram Files (x86)/MiKTeX 2.9/fonts/type1/public/amsfonts/cm/cmmi12.pfb><C:/Pro
gram Files (x86)/MiKTeX 2.9/fonts/type1/public/amsfonts/cm/cmmi6.pfb><C:/Progra
m Files (x86)/MiKTeX 2.9/fonts/type1/public/amsfonts/cm/cmmi7.pfb><C:/Program F
iles (x86)/MiKTeX 2.9/fonts/type1/public/amsfonts/cm/cmmi8.pfb><C:/Program File
s (x86)/MiKTeX 2.9/fonts/type1/public/amsfonts/cm/cmr10.pfb><C:/Program Files (
x86)/MiKTeX 2.9/fonts/type1/public/amsfonts/cm/cmr12.pfb><C:/Program Files (x86
)/MiKTeX 2.9/fonts/type1/public/amsfonts/cm/cmr6.pfb><C:/Program Files (x86)/Mi
KTeX 2.9/fonts/type1/public/amsfonts/cm/cmr7.pfb><C:/Program Files (x86)/MiKTeX
 2.9/fonts/type1/public/amsfonts/cm/cmr8.pfb><C:/Program Files (x86)/MiKTeX 2.9
/fonts/type1/public/amsfonts/cm/cmsy10.pfb><C:/Program Files (x86)/MiKTeX 2.9/f
onts/type1/public/amsfonts/cm/cmsy6.pfb><C:/Program Files (x86)/MiKTeX 2.9/font
s/type1/public/amsfonts/cm/cmsy8.pfb><C:/Program Files (x86)/MiKTeX 2.9/fonts/t
ype1/public/amsfonts/cm/cmti12.pfb><C:/Program Files (x86)/MiKTeX 2.9/fonts/typ
e1/public/amsfonts/cm/cmtt12.pfb><C:/Program Files (x86)/MiKTeX 2.9/fonts/type1
/public/amsfonts/symbols/msbm10.pfb>
Output written on tfg.pdf (23 pages, 455778 bytes).
PDF statistics:
 402 PDF objects out of 1000 (max. 8388607)
 123 named destinations out of 1000 (max. 500000)
 135 words of extra memory for PDF output out of 10000 (max. 10000000)

